
> libreria-component@0.0.1 build-storybook
> storybook build --output-dir=/tmp/chromatic--44438-ON6RwlwSOUvU


[90m┌[39m  Building storybook v10.3.1
[90m│[39m
[32m◇[39m  Cleaning outputDir: [36m../../../../tmp/chromatic--44438-ON6RwlwSOUvU[39m
[90m│[39m
[32m◇[39m  Loading presets
[90m│[39m
[32m◇[39m  Building manager..
[90m│[39m
[34m●[39m  Building preview..
[90m│[39m
[33m▲[39m  [43mVite[49m
[90m│[39m  [vite:dts] You are building a library that may not need to generate
[90m│[39m  declaration files.

[90m│[39m  [43mVite[49m [36mvite v6.4.1 [32mbuilding for production...[36m[39m
[90m│[39m  [43mVite[49m transforming...
[90m│[39m  [43mVite[49m [32m✓[39m 186 modules transformed.
[90m│[39m  [43mVite[49m rendering chunks...
[90m│[39m  [43mVite[49m
[90m│[39m  [vite:dts] Start generate declaration files...
[90m│[39m  [43mVite[49m computing gzip size...
[90m│[39m  [43mVite[49m [vite:dts] Declaration files built in 1143ms.

[90m│[39m  [43mVite[49m [2m../../../../tmp/chromatic--44438-ON6RwlwSOUvU/[22m[32miframe.html[39m[1m[2m[22m
[90m│[39m  [2m18.36 kB[22m[1m[22m[2m │ gzip:   5.20 kB[22m
[90m│[39m  [43mVite[49m
[90m│[39m  [2m../../../../tmp/chromatic--44438-ON6RwlwSOUvU/[22m[2massets/[22m[36m_commonjsHelpers-CqkleIqs.js[39m[1m[2m[22m
[90m│[39m  [2m0.12 kB[22m[1m[22m[2m │ gzip:   0.13 kB[22m
[90m│[39m  [43mVite[49m
[90m│[39m  [2m../../../../tmp/chromatic--44438-ON6RwlwSOUvU/[22m[2massets/[22m[36mformatter-EIJCOSYU-D0mC3KmG.js[39m[1m[2m[22m
[90m│[39m  [2m0.27 kB[22m[1m[22m[2m │ gzip:   0.22 kB[22m
[90m│[39m  [43mVite[49m
[90m│[39m  [2m../../../../tmp/chromatic--44438-ON6RwlwSOUvU/[22m[2massets/[22m[36mpreload-helper-Dp1pzeXC.js[39m[1m[2m[22m
[90m│[39m  [2m1.27 kB[22m[1m[22m[2m │ gzip:   0.73 kB[22m
[90m│[39m  [43mVite[49m
[90m│[39m  [2m../../../../tmp/chromatic--44438-ON6RwlwSOUvU/[22m[2massets/[22m[36msp-button.stories-CPSON6Bf.js[39m[1m[2m[22m
[90m│[39m  [2m15.42 kB[22m[1m[22m[2m │ gzip:   4.04 kB[22m
[90m│[39m  [43mVite[49m
[90m│[39m  [2m../../../../tmp/chromatic--44438-ON6RwlwSOUvU/[22m[36mvite-inject-mocker-entry.js[39m[1m[2m[22m
[90m│[39m  [2m28.53 kB[22m[1m[22m[2m │ gzip:   9.94 kB[22m
[90m│[39m  [43mVite[49m
[90m│[39m  [2m../../../../tmp/chromatic--44438-ON6RwlwSOUvU/[22m[2massets/[22m[36mmatchers-5TDFFDYO-BEZorklP.js[39m[1m[2m[22m
[90m│[39m  [2m29.38 kB[22m[1m[22m[2m │ gzip:  10.07 kB[22m
[90m│[39m  [43mVite[49m
[90m│[39m  [2m../../../../tmp/chromatic--44438-ON6RwlwSOUvU/[22m[2massets/[22m[36mColor-FRDS63T2-CmZpEaoS.js[39m[1m[2m[22m
[90m│[39m  [2m30.21 kB[22m[1m[22m[2m │ gzip:  11.43 kB[22m
[90m│[39m  [43mVite[49m
[90m│[39m  [2m../../../../tmp/chromatic--44438-ON6RwlwSOUvU/[22m[2massets/[22m[36mWithTooltip-65CFNBJE-BNW5NonY.js[39m[1m[2m[22m
[90m│[39m  [2m33.18 kB[22m[1m[22m[2m │ gzip:  11.67 kB[22m
[90m│[39m  [43mVite[49m
[90m│[39m  [2m../../../../tmp/chromatic--44438-ON6RwlwSOUvU/[22m[2massets/[22m[36msyntaxhighlighter-OH4MV7E3-CzPCf77M.js[39m[1m[2m[22m
[90m│[39m  [2m78.16 kB[22m[1m[22m[2m │ gzip:  27.41 kB[22m
[90m│[39m  [43mVite[49m
[90m│[39m  [2m../../../../tmp/chromatic--44438-ON6RwlwSOUvU/[22m[2massets/[22m[36maxe-C8QFxZ7_.js[39m[1m[33m[39m
[90m│[39m  [33m580.47 kB[39m[22m[2m │ gzip: 159.94 kB[22m
[90m│[39m  [43mVite[49m
[90m│[39m  [2m../../../../tmp/chromatic--44438-ON6RwlwSOUvU/[22m[2massets/[22m[36miframe-Bza_qhi-.js[39m[1m[33m[39m
[90m│[39m  [33m846.39 kB[39m[22m[2m │ gzip: 238.71 kB[22m
[90m│[39m  [43mVite[49m
[90m│[39m  [2m../../../../tmp/chromatic--44438-ON6RwlwSOUvU/[22m[2massets/[22m[36mDocsRenderer-LL677BLK-DCKIDxVJ.js[39m
[90m│[39m  [36m[39m[1m[33m1,024.44 kB[39m[22m[2m │ gzip: 326.87 kB[22m
[90m│[39m
[33m▲[39m  [43mVite[49m[33m
[90m│[39m  (!) Some chunks are larger than 500 kB after minification. Consider:
[90m│[39m  - Using dynamic import() to code-split the application
[90m│[39m  - Use build.rollupOptions.output.manualChunks to improve chunking:
[90m│[39m  ]8;;https://rollupjs.org/configuration-options/#output-manualchunkshttps://rollupjs.org/configuration-options/#output-manualchunks]8;;
[90m│[39m  - Adjust chunk size limit for this warning via
[90m│[39m  build.chunkSizeWarningLimit.[39m
[90m│[39m  [43mVite[49m [32m✓ built in 6.40s[39m
[90m│[39m
[32m◇[39m  Output directory: /tmp/chromatic--44438-ON6RwlwSOUvU
[90m│[39m
[90m└[39m  Storybook build completed successfully

